[20:03:36] [ServerMain/INFO]: Environment: Environment[accountsHost=https://api.mojang.com, sessionHost=https://sessionserver.mojang.com, servicesHost=https://api.minecraftservices.com, name=PROD]
[20:03:36] [ServerMain/INFO]: Found new data pack file/bukkit, loading it automatically
[20:03:37] [ServerMain/INFO]: Loaded 7 recipes
[20:03:38] [Server thread/INFO]: Starting minecraft server version 1.20.2
[20:03:38] [Server thread/INFO]: Loading properties
[20:03:38] [Server thread/INFO]: This server is running CraftBukkit version 3928-Spigot-dba3cdc-6aa644a (MC: 1.20.2) (Implementing API version 1.20.2-R0.1-SNAPSHOT)
[20:03:39] [Server thread/INFO]: Server Ping Player Sample Count: 12
[20:03:39] [Server thread/INFO]: Using 4 threads for Netty based IO
[20:03:39] [Server thread/INFO]: Debug logging is disabled
[20:03:39] [Server thread/INFO]: Default game type: SURVIVAL
[20:03:39] [Server thread/INFO]: Generating keypair
[20:03:39] [Server thread/INFO]: Starting Minecraft server on *:25565
[20:03:39] [Server thread/INFO]: Using default channel type
[20:03:39] [Server thread/INFO]: [PluginHttpServer] Loading PluginHttpServer v1.0
[20:03:39] [Server thread/INFO]: Preparing level "world"
[20:03:39] [Server thread/INFO]: -------- World Settings For [world] --------
[20:03:39] [Server thread/INFO]: View Distance: 10
[20:03:39] [Server thread/INFO]: Simulation Distance: 10
[20:03:39] [Server thread/INFO]: Item Despawn Rate: 6000
[20:03:39] [Server thread/INFO]: Item Merge Radius: 2.5
[20:03:39] [Server thread/INFO]: Allow Zombie Pigmen to spawn from portal blocks: true
[20:03:39] [Server thread/INFO]: Arrow Despawn Rate: 1200 Trident Respawn Rate:1200
[20:03:39] [Server thread/INFO]: Nerfing mobs spawned from spawners: false
[20:03:39] [Server thread/INFO]: Zombie Aggressive Towards Villager: true
[20:03:39] [Server thread/INFO]: Experience Merge Radius: 3.0
[20:03:39] [Server thread/INFO]: Mob Spawn Range: 6
[20:03:39] [Server thread/INFO]: Cactus Growth Modifier: 100%
[20:03:39] [Server thread/INFO]: Cane Growth Modifier: 100%
[20:03:39] [Server thread/INFO]: Melon Growth Modifier: 100%
[20:03:39] [Server thread/INFO]: Mushroom Growth Modifier: 100%
[20:03:39] [Server thread/INFO]: Pumpkin Growth Modifier: 100%
[20:03:39] [Server thread/INFO]: Sapling Growth Modifier: 100%
[20:03:39] [Server thread/INFO]: Beetroot Growth Modifier: 100%
[20:03:39] [Server thread/INFO]: Carrot Growth Modifier: 100%
[20:03:39] [Server thread/INFO]: Potato Growth Modifier: 100%
[20:03:39] [Server thread/INFO]: Wheat Growth Modifier: 100%
[20:03:39] [Server thread/INFO]: NetherWart Growth Modifier: 100%
[20:03:39] [Server thread/INFO]: Vine Growth Modifier: 100%
[20:03:39] [Server thread/INFO]: Cocoa Growth Modifier: 100%
[20:03:39] [Server thread/INFO]: Bamboo Growth Modifier: 100%
[20:03:39] [Server thread/INFO]: SweetBerry Growth Modifier: 100%
[20:03:39] [Server thread/INFO]: Kelp Growth Modifier: 100%
[20:03:39] [Server thread/INFO]: TwistingVines Growth Modifier: 100%
[20:03:39] [Server thread/INFO]: WeepingVines Growth Modifier: 100%
[20:03:39] [Server thread/INFO]: CaveVines Growth Modifier: 100%
[20:03:39] [Server thread/INFO]: Entity Activation Range: An 32 / Mo 32 / Ra 48 / Mi 16 / Tiv true / Isa false
[20:03:39] [Server thread/INFO]: Entity Tracking Range: Pl 48 / An 48 / Mo 48 / Mi 32 / Di 128 / Other 64
[20:03:39] [Server thread/INFO]: Custom Map Seeds:  Village: 10387312 Desert: 14357617 Igloo: 14357618 Jungle: 14357619 Swamp: 14357620 Monument: 10387313 Ocean: 14357621 Shipwreck: 165745295 End City: 10387313 Slime: 987234911 Nether: 30084232 Mansion: 10387319 Fossil: 14357921 Portal: 34222645
[20:03:39] [Server thread/INFO]: Hopper Transfer: 8 Hopper Check: 1 Hopper Amount: 1 Hopper Can Load Chunks: false
[20:03:39] [Server thread/INFO]: Max TNT Explosions: 100
[20:03:39] [Server thread/INFO]: Tile Max Tick Time: 50ms Entity max Tick Time: 50ms
[20:03:44] [Server thread/INFO]: -------- World Settings For [world_nether] --------
[20:03:44] [Server thread/INFO]: View Distance: 10
[20:03:44] [Server thread/INFO]: Simulation Distance: 10
[20:03:44] [Server thread/INFO]: Item Despawn Rate: 6000
[20:03:44] [Server thread/INFO]: Item Merge Radius: 2.5
[20:03:44] [Server thread/INFO]: Allow Zombie Pigmen to spawn from portal blocks: true
[20:03:44] [Server thread/INFO]: Arrow Despawn Rate: 1200 Trident Respawn Rate:1200
[20:03:44] [Server thread/INFO]: Nerfing mobs spawned from spawners: false
[20:03:44] [Server thread/INFO]: Zombie Aggressive Towards Villager: true
[20:03:44] [Server thread/INFO]: Experience Merge Radius: 3.0
[20:03:44] [Server thread/INFO]: Mob Spawn Range: 6
[20:03:44] [Server thread/INFO]: Cactus Growth Modifier: 100%
[20:03:44] [Server thread/INFO]: Cane Growth Modifier: 100%
[20:03:44] [Server thread/INFO]: Melon Growth Modifier: 100%
[20:03:44] [Server thread/INFO]: Mushroom Growth Modifier: 100%
[20:03:44] [Server thread/INFO]: Pumpkin Growth Modifier: 100%
[20:03:44] [Server thread/INFO]: Sapling Growth Modifier: 100%
[20:03:44] [Server thread/INFO]: Beetroot Growth Modifier: 100%
[20:03:44] [Server thread/INFO]: Carrot Growth Modifier: 100%
[20:03:44] [Server thread/INFO]: Potato Growth Modifier: 100%
[20:03:44] [Server thread/INFO]: Wheat Growth Modifier: 100%
[20:03:44] [Server thread/INFO]: NetherWart Growth Modifier: 100%
[20:03:44] [Server thread/INFO]: Vine Growth Modifier: 100%
[20:03:44] [Server thread/INFO]: Cocoa Growth Modifier: 100%
[20:03:44] [Server thread/INFO]: Bamboo Growth Modifier: 100%
[20:03:44] [Server thread/INFO]: SweetBerry Growth Modifier: 100%
[20:03:44] [Server thread/INFO]: Kelp Growth Modifier: 100%
[20:03:44] [Server thread/INFO]: TwistingVines Growth Modifier: 100%
[20:03:44] [Server thread/INFO]: WeepingVines Growth Modifier: 100%
[20:03:44] [Server thread/INFO]: CaveVines Growth Modifier: 100%
[20:03:44] [Server thread/INFO]: Entity Activation Range: An 32 / Mo 32 / Ra 48 / Mi 16 / Tiv true / Isa false
[20:03:44] [Server thread/INFO]: Entity Tracking Range: Pl 48 / An 48 / Mo 48 / Mi 32 / Di 128 / Other 64
[20:03:44] [Server thread/INFO]: Custom Map Seeds:  Village: 10387312 Desert: 14357617 Igloo: 14357618 Jungle: 14357619 Swamp: 14357620 Monument: 10387313 Ocean: 14357621 Shipwreck: 165745295 End City: 10387313 Slime: 987234911 Nether: 30084232 Mansion: 10387319 Fossil: 14357921 Portal: 34222645
[20:03:44] [Server thread/INFO]: Hopper Transfer: 8 Hopper Check: 1 Hopper Amount: 1 Hopper Can Load Chunks: false
[20:03:44] [Server thread/INFO]: Max TNT Explosions: 100
[20:03:44] [Server thread/INFO]: Tile Max Tick Time: 50ms Entity max Tick Time: 50ms
[20:03:47] [Server thread/INFO]: -------- World Settings For [world_the_end] --------
[20:03:47] [Server thread/INFO]: View Distance: 10
[20:03:47] [Server thread/INFO]: Simulation Distance: 10
[20:03:47] [Server thread/INFO]: Item Despawn Rate: 6000
[20:03:47] [Server thread/INFO]: Item Merge Radius: 2.5
[20:03:47] [Server thread/INFO]: Allow Zombie Pigmen to spawn from portal blocks: true
[20:03:47] [Server thread/INFO]: Arrow Despawn Rate: 1200 Trident Respawn Rate:1200
[20:03:47] [Server thread/INFO]: Nerfing mobs spawned from spawners: false
[20:03:47] [Server thread/INFO]: Zombie Aggressive Towards Villager: true
[20:03:47] [Server thread/INFO]: Experience Merge Radius: 3.0
[20:03:47] [Server thread/INFO]: Mob Spawn Range: 6
[20:03:47] [Server thread/INFO]: Cactus Growth Modifier: 100%
[20:03:47] [Server thread/INFO]: Cane Growth Modifier: 100%
[20:03:47] [Server thread/INFO]: Melon Growth Modifier: 100%
[20:03:47] [Server thread/INFO]: Mushroom Growth Modifier: 100%
[20:03:47] [Server thread/INFO]: Pumpkin Growth Modifier: 100%
[20:03:47] [Server thread/INFO]: Sapling Growth Modifier: 100%
[20:03:47] [Server thread/INFO]: Beetroot Growth Modifier: 100%
[20:03:47] [Server thread/INFO]: Carrot Growth Modifier: 100%
[20:03:47] [Server thread/INFO]: Potato Growth Modifier: 100%
[20:03:47] [Server thread/INFO]: Wheat Growth Modifier: 100%
[20:03:47] [Server thread/INFO]: NetherWart Growth Modifier: 100%
[20:03:47] [Server thread/INFO]: Vine Growth Modifier: 100%
[20:03:47] [Server thread/INFO]: Cocoa Growth Modifier: 100%
[20:03:47] [Server thread/INFO]: Bamboo Growth Modifier: 100%
[20:03:47] [Server thread/INFO]: SweetBerry Growth Modifier: 100%
[20:03:47] [Server thread/INFO]: Kelp Growth Modifier: 100%
[20:03:47] [Server thread/INFO]: TwistingVines Growth Modifier: 100%
[20:03:47] [Server thread/INFO]: WeepingVines Growth Modifier: 100%
[20:03:47] [Server thread/INFO]: CaveVines Growth Modifier: 100%
[20:03:47] [Server thread/INFO]: Entity Activation Range: An 32 / Mo 32 / Ra 48 / Mi 16 / Tiv true / Isa false
[20:03:47] [Server thread/INFO]: Entity Tracking Range: Pl 48 / An 48 / Mo 48 / Mi 32 / Di 128 / Other 64
[20:03:47] [Server thread/INFO]: Custom Map Seeds:  Village: 10387312 Desert: 14357617 Igloo: 14357618 Jungle: 14357619 Swamp: 14357620 Monument: 10387313 Ocean: 14357621 Shipwreck: 165745295 End City: 10387313 Slime: 987234911 Nether: 30084232 Mansion: 10387319 Fossil: 14357921 Portal: 34222645
[20:03:47] [Server thread/INFO]: Hopper Transfer: 8 Hopper Check: 1 Hopper Amount: 1 Hopper Can Load Chunks: false
[20:03:47] [Server thread/INFO]: Max TNT Explosions: 100
[20:03:47] [Server thread/INFO]: Tile Max Tick Time: 50ms Entity max Tick Time: 50ms
[20:03:50] [Server thread/INFO]: Preparing start region for dimension minecraft:overworld
[20:03:51] [Worker-Main-3/INFO]: Preparing spawn area: 0%
[20:03:51] [Worker-Main-3/INFO]: Preparing spawn area: 0%
[20:03:51] [Worker-Main-3/INFO]: Preparing spawn area: 0%
[20:03:52] [Worker-Main-11/INFO]: Preparing spawn area: 3%
[20:03:52] [Worker-Main-6/INFO]: Preparing spawn area: 7%
[20:03:53] [Worker-Main-9/INFO]: Preparing spawn area: 10%
[20:03:53] [Worker-Main-9/INFO]: Preparing spawn area: 15%
[20:03:54] [Worker-Main-15/INFO]: Preparing spawn area: 20%
[20:03:54] [Worker-Main-6/INFO]: Preparing spawn area: 25%
[20:03:55] [Worker-Main-8/INFO]: Preparing spawn area: 29%
[20:03:55] [Worker-Main-9/INFO]: Preparing spawn area: 35%
[20:03:56] [Worker-Main-3/INFO]: Preparing spawn area: 42%
[20:03:56] [Worker-Main-11/INFO]: Preparing spawn area: 47%
[20:03:57] [Worker-Main-5/INFO]: Preparing spawn area: 54%
[20:03:57] [Worker-Main-12/INFO]: Preparing spawn area: 59%
[20:03:58] [Worker-Main-9/INFO]: Preparing spawn area: 65%
[20:03:58] [Worker-Main-6/INFO]: Preparing spawn area: 70%
[20:03:59] [Worker-Main-1/INFO]: Preparing spawn area: 77%
[20:03:59] [Worker-Main-1/INFO]: Preparing spawn area: 83%
[20:04:00] [Worker-Main-3/INFO]: Preparing spawn area: 90%
[20:04:00] [Worker-Main-2/INFO]: Preparing spawn area: 96%
[20:04:01] [Server thread/INFO]: Time elapsed: 10100 ms
[20:04:01] [Server thread/INFO]: Preparing start region for dimension minecraft:the_nether
[20:04:01] [Worker-Main-14/INFO]: Preparing spawn area: 0%
[20:04:01] [Worker-Main-13/INFO]: Preparing spawn area: 0%
[20:04:02] [Worker-Main-7/INFO]: Preparing spawn area: 4%
[20:04:02] [Worker-Main-15/INFO]: Preparing spawn area: 8%
[20:04:03] [Worker-Main-11/INFO]: Preparing spawn area: 14%
[20:04:03] [Worker-Main-8/INFO]: Preparing spawn area: 19%
[20:04:04] [Worker-Main-13/INFO]: Preparing spawn area: 26%
[20:04:04] [Worker-Main-12/INFO]: Preparing spawn area: 33%
[20:04:05] [Worker-Main-7/INFO]: Preparing spawn area: 42%
[20:04:05] [Worker-Main-6/INFO]: Preparing spawn area: 48%
[20:04:06] [Worker-Main-8/INFO]: Preparing spawn area: 57%
[20:04:06] [Worker-Main-2/INFO]: Preparing spawn area: 63%
[20:04:07] [Worker-Main-3/INFO]: Preparing spawn area: 70%
[20:04:07] [Worker-Main-12/INFO]: Preparing spawn area: 78%
[20:04:08] [Worker-Main-7/INFO]: Preparing spawn area: 85%
[20:04:08] [Worker-Main-10/INFO]: Preparing spawn area: 92%
[20:04:09] [Server thread/INFO]: Time elapsed: 7969 ms
[20:04:09] [Server thread/INFO]: Preparing start region for dimension minecraft:the_end
[20:04:09] [Worker-Main-7/INFO]: Preparing spawn area: 0%
[20:04:09] [Worker-Main-7/INFO]: Preparing spawn area: 9%
[20:04:10] [Worker-Main-13/INFO]: Preparing spawn area: 61%
[20:04:10] [Server thread/INFO]: Time elapsed: 1208 ms
[20:04:10] [Server thread/INFO]: [PluginHttpServer] Enabling PluginHttpServer v1.0
[20:04:10] [Server thread/INFO]: Starting Javalin ...
[20:04:10] [Server thread/INFO]: jetty-11.0.17; built: 2023-10-09T18:39:14.424Z; git: 48e7716b9462bebea6732b885dbebb4300787a5c; jvm 17.0.8+9-LTS-211
[20:04:10] [Server thread/INFO]: Session workerName=node0
[20:04:10] [Server thread/INFO]: Started i.j.j.@67ed8e74{/,null,AVAILABLE}
[20:04:10] [Server thread/INFO]: Started ServerConnector@6924336f{HTTP/1.1, (http/1.1)}{0.0.0.0:8085}
[20:04:10] [Server thread/INFO]: Started Server@31bb12c3{STARTING}[11.0.17,sto=0] @58818ms
[20:04:10] [Server thread/INFO]: 
       __                  ___          ______
      / /___ __   ______ _/ (_)___     / ____/
 __  / / __ `/ | / / __ `/ / / __ \   /___ \
/ /_/ / /_/ /| |/ / /_/ / / / / / /  ____/ /
\____/\__,_/ |___/\__,_/_/_/_/ /_/  /_____/

       https://javalin.io/documentation

[20:04:10] [Server thread/INFO]: Listening on http://localhost:8085/
[20:04:10] [Server thread/INFO]: You are running Javalin 5.6.3 (released October 15, 2023).
[20:04:10] [Server thread/INFO]: Javalin started in 344ms \o/
[20:04:10] [Server thread/INFO]: Server permissions file permissions.yml is empty, ignoring it
[20:04:10] [Server thread/INFO]: Done (31.336s)! For help, type "help"
[20:07:20] [Server thread/INFO]: Saving the game (this may take a moment!)
[20:07:20] [Server thread/INFO]: Saved the game
[20:14:40] [Server thread/INFO]: Stopping server
[20:14:40] [Server thread/INFO]: [PluginHttpServer] Disabling PluginHttpServer v1.0
[20:14:40] [Server thread/INFO]: Stopping Javalin ...
[20:14:40] [Server thread/INFO]: Stopped Server@31bb12c3{STOPPING}[11.0.17,sto=0]
[20:14:40] [Server thread/INFO]: Stopped ServerConnector@6924336f{HTTP/1.1, (http/1.1)}{0.0.0.0:8085}
[20:14:40] [Server thread/INFO]: Stopped i.j.j.@67ed8e74{/,null,STOPPED}
[20:14:40] [Server thread/INFO]: Javalin has stopped
[20:14:40] [Server thread/INFO]: Saving players
[20:14:40] [Server thread/INFO]: Saving worlds
[20:14:41] [Server thread/INFO]: Saving chunks for level 'ServerLevel[world]'/minecraft:overworld
[20:14:42] [Server thread/INFO]: Saving chunks for level 'ServerLevel[world_nether]'/minecraft:the_nether
[20:14:42] [Server thread/INFO]: Saving chunks for level 'ServerLevel[world_the_end]'/minecraft:the_end
[20:14:42] [Server thread/INFO]: ThreadedAnvilChunkStorage (world): All chunks are saved
[20:14:42] [Server thread/INFO]: ThreadedAnvilChunkStorage (DIM-1): All chunks are saved
[20:14:42] [Server thread/INFO]: ThreadedAnvilChunkStorage (DIM1): All chunks are saved
[20:14:42] [Server thread/INFO]: ThreadedAnvilChunkStorage: All dimensions are saved
